[ 2017-08-04T11:35:48+08:00 ] 127.0.0.1 /blogs/index.php/Admin/Index/index.html
INFO: [ app_init ] --START--
INFO: Run Behavior\BuildLiteBehavior [ RunTime:0.000000s ]
INFO: [ app_init ] --END-- [ RunTime:0.001000s ]
INFO: [ app_begin ] --START--
INFO: Run Behavior\ReadHtmlCacheBehavior [ RunTime:0.001000s ]
INFO: [ app_begin ] --END-- [ RunTime:0.001000s ]
NOTIC: [8] Undefined index: username D:\WWW\blogs\Application\Admin\Controller\IndexController.class.php 第 41 行.
INFO: [ view_parse ] --START--
INFO: [ template_filter ] --START--
INFO: Run Behavior\ContentReplaceBehavior [ RunTime:0.000000s ]
INFO: [ template_filter ] --END-- [ RunTime:0.000000s ]
INFO: Run Behavior\ParseTemplateBehavior [ RunTime:0.032002s ]
INFO: [ view_parse ] --END-- [ RunTime:0.032002s ]
INFO: [ view_filter ] --START--
INFO: Run Behavior\WriteHtmlCacheBehavior [ RunTime:0.001000s ]
INFO: [ view_filter ] --END-- [ RunTime:0.001000s ]

[ 2017-08-04T11:35:51+08:00 ] 127.0.0.1 /blogs/index.php/Admin/Login/login.html
INFO: [ app_init ] --START--
INFO: Run Behavior\BuildLiteBehavior [ RunTime:0.000000s ]
INFO: [ app_init ] --END-- [ RunTime:0.001001s ]
INFO: [ app_begin ] --START--
INFO: Run Behavior\ReadHtmlCacheBehavior [ RunTime:0.000000s ]
INFO: [ app_begin ] --END-- [ RunTime:0.000000s ]
INFO: [ view_parse ] --START--
INFO: [ template_filter ] --START--
INFO: Run Behavior\ContentReplaceBehavior [ RunTime:0.000000s ]
INFO: [ template_filter ] --END-- [ RunTime:0.001000s ]
INFO: Run Behavior\ParseTemplateBehavior [ RunTime:0.028001s ]
INFO: [ view_parse ] --END-- [ RunTime:0.028001s ]
INFO: [ view_filter ] --START--
INFO: Run Behavior\WriteHtmlCacheBehavior [ RunTime:0.000000s ]
INFO: [ view_filter ] --END-- [ RunTime:0.001000s ]
INFO: [ app_end ] --START--
INFO: Run Behavior\ShowPageTraceBehavior [ RunTime:0.002001s ]
INFO: [ app_end ] --END-- [ RunTime:0.002001s ]

[ 2017-08-04T11:35:52+08:00 ] 127.0.0.1 /blogs/index.php/Admin/Login/login.html
INFO: [ app_init ] --START--
INFO: Run Behavior\BuildLiteBehavior [ RunTime:0.000000s ]
INFO: [ app_init ] --END-- [ RunTime:0.001000s ]
INFO: [ app_begin ] --START--
INFO: Run Behavior\ReadHtmlCacheBehavior [ RunTime:0.001000s ]
INFO: [ app_begin ] --END-- [ RunTime:0.002000s ]
NOTIC: [2048] Declaration of Admin\Model\LoginModel::page() should be compatible with that of Think\Model::page() D:\WWW\blogs\Application\Admin\Model\LoginModel.class.php 第 4 行.
SQL: SHOW COLUMNS FROM `login` [ RunTime:0.0200s ]
NOTIC: [8] Undefined index: validate D:\WWW\blogs\ThinkPHP\Library\Think\Model.class.php 第 1185 行.
NOTIC: [8] Undefined index: auto D:\WWW\blogs\ThinkPHP\Library\Think\Model.class.php 第 1128 行.
SQL: SELECT `id`,`lo_name`,`lo_pwd`,`lo_time`,`lo_is` FROM `login` WHERE `lo_name` = 'admin' LIMIT 1   [ RunTime:0.0000s ]
INFO: [ view_parse ] --START--
INFO: [ template_filter ] --START--
INFO: Run Behavior\ContentReplaceBehavior [ RunTime:0.000000s ]
INFO: [ template_filter ] --END-- [ RunTime:0.000000s ]
INFO: Run Behavior\ParseTemplateBehavior [ RunTime:0.009000s ]
INFO: [ view_parse ] --END-- [ RunTime:0.009000s ]
INFO: [ view_filter ] --START--
INFO: Run Behavior\WriteHtmlCacheBehavior [ RunTime:0.000000s ]
INFO: [ view_filter ] --END-- [ RunTime:0.000000s ]
INFO: [ app_end ] --START--
INFO: Run Behavior\ShowPageTraceBehavior [ RunTime:0.000000s ]
INFO: [ app_end ] --END-- [ RunTime:0.001000s ]

[ 2017-08-04T11:35:54+08:00 ] 127.0.0.1 /blogs/index.php/Admin/Index/index.html
INFO: [ app_init ] --START--
INFO: Run Behavior\BuildLiteBehavior [ RunTime:0.000000s ]
INFO: [ app_init ] --END-- [ RunTime:0.001000s ]
INFO: [ app_begin ] --START--
INFO: Run Behavior\ReadHtmlCacheBehavior [ RunTime:0.001000s ]
INFO: [ app_begin ] --END-- [ RunTime:0.001000s ]
INFO: [ view_parse ] --START--
INFO: [ template_filter ] --START--
INFO: Run Behavior\ContentReplaceBehavior [ RunTime:0.000000s ]
INFO: [ template_filter ] --END-- [ RunTime:0.000000s ]
INFO: Run Behavior\ParseTemplateBehavior [ RunTime:0.033002s ]
INFO: [ view_parse ] --END-- [ RunTime:0.033002s ]
INFO: [ view_filter ] --START--
INFO: Run Behavior\WriteHtmlCacheBehavior [ RunTime:0.001000s ]
INFO: [ view_filter ] --END-- [ RunTime:0.001000s ]
INFO: [ app_end ] --START--
INFO: Run Behavior\ShowPageTraceBehavior [ RunTime:0.001000s ]
INFO: [ app_end ] --END-- [ RunTime:0.001000s ]

[ 2017-08-04T11:39:19+08:00 ] 127.0.0.1 /blogs/index.php/Admin/Index/design.html
INFO: [ app_init ] --START--
INFO: Run Behavior\BuildLiteBehavior [ RunTime:0.000000s ]
INFO: [ app_init ] --END-- [ RunTime:0.000000s ]
INFO: [ app_begin ] --START--
INFO: Run Behavior\ReadHtmlCacheBehavior [ RunTime:0.001000s ]
INFO: [ app_begin ] --END-- [ RunTime:0.002000s ]
INFO: [ view_parse ] --START--
INFO: [ template_filter ] --START--
INFO: Run Behavior\ContentReplaceBehavior [ RunTime:0.001001s ]
INFO: [ template_filter ] --END-- [ RunTime:0.001001s ]
INFO: Run Behavior\ParseTemplateBehavior [ RunTime:0.324019s ]
INFO: [ view_parse ] --END-- [ RunTime:0.325019s ]
INFO: [ view_filter ] --START--
INFO: Run Behavior\WriteHtmlCacheBehavior [ RunTime:0.001000s ]
INFO: [ view_filter ] --END-- [ RunTime:0.002000s ]
INFO: [ app_end ] --START--
INFO: Run Behavior\ShowPageTraceBehavior [ RunTime:0.002000s ]
INFO: [ app_end ] --END-- [ RunTime:0.002000s ]

[ 2017-08-04T11:39:19+08:00 ] 127.0.0.1 /blogs/index.php/Admin/Index/design.html
INFO: [ app_init ] --START--
INFO: Run Behavior\BuildLiteBehavior [ RunTime:0.000000s ]
INFO: [ app_init ] --END-- [ RunTime:0.001000s ]
INFO: [ app_begin ] --START--
INFO: Run Behavior\ReadHtmlCacheBehavior [ RunTime:0.001000s ]
INFO: [ app_begin ] --END-- [ RunTime:0.001000s ]
INFO: [ view_parse ] --START--
INFO: [ template_filter ] --START--
INFO: Run Behavior\ContentReplaceBehavior [ RunTime:0.000000s ]
INFO: [ template_filter ] --END-- [ RunTime:0.000000s ]
INFO: Run Behavior\ParseTemplateBehavior [ RunTime:0.021001s ]
INFO: [ view_parse ] --END-- [ RunTime:0.021001s ]
INFO: [ view_filter ] --START--
INFO: Run Behavior\WriteHtmlCacheBehavior [ RunTime:0.001000s ]
INFO: [ view_filter ] --END-- [ RunTime:0.001000s ]
INFO: [ app_end ] --START--
INFO: Run Behavior\ShowPageTraceBehavior [ RunTime:0.001000s ]
INFO: [ app_end ] --END-- [ RunTime:0.002000s ]

[ 2017-08-04T11:40:00+08:00 ] 127.0.0.1 /blogs/index.php/Admin/Index/design.html
INFO: [ app_init ] --START--
INFO: Run Behavior\BuildLiteBehavior [ RunTime:0.000000s ]
INFO: [ app_init ] --END-- [ RunTime:0.001000s ]
INFO: [ app_begin ] --START--
INFO: Run Behavior\ReadHtmlCacheBehavior [ RunTime:0.001000s ]
INFO: [ app_begin ] --END-- [ RunTime:0.001000s ]
INFO: [ view_parse ] --START--
INFO: [ template_filter ] --START--
INFO: Run Behavior\ContentReplaceBehavior [ RunTime:0.000000s ]
INFO: [ template_filter ] --END-- [ RunTime:0.000000s ]
INFO: Run Behavior\ParseTemplateBehavior [ RunTime:0.010000s ]
INFO: [ view_parse ] --END-- [ RunTime:0.010000s ]
INFO: [ view_filter ] --START--
INFO: Run Behavior\WriteHtmlCacheBehavior [ RunTime:0.001000s ]
INFO: [ view_filter ] --END-- [ RunTime:0.001000s ]
INFO: [ app_end ] --START--
INFO: Run Behavior\ShowPageTraceBehavior [ RunTime:0.001000s ]
INFO: [ app_end ] --END-- [ RunTime:0.001000s ]

[ 2017-08-04T11:49:31+08:00 ] 127.0.0.1 /blogs/index.php/Admin/Index/design.html
INFO: [ app_init ] --START--
INFO: Run Behavior\BuildLiteBehavior [ RunTime:0.000000s ]
INFO: [ app_init ] --END-- [ RunTime:0.000000s ]
INFO: [ app_begin ] --START--
INFO: Run Behavior\ReadHtmlCacheBehavior [ RunTime:0.001000s ]
INFO: [ app_begin ] --END-- [ RunTime:0.001000s ]
INFO: [ view_parse ] --START--
INFO: [ template_filter ] --START--
INFO: Run Behavior\ContentReplaceBehavior [ RunTime:0.000000s ]
INFO: [ template_filter ] --END-- [ RunTime:0.000000s ]
INFO: Run Behavior\ParseTemplateBehavior [ RunTime:0.011001s ]
INFO: [ view_parse ] --END-- [ RunTime:0.011001s ]
INFO: [ view_filter ] --START--
INFO: Run Behavior\WriteHtmlCacheBehavior [ RunTime:0.001000s ]
INFO: [ view_filter ] --END-- [ RunTime:0.001000s ]
INFO: [ app_end ] --START--
INFO: Run Behavior\ShowPageTraceBehavior [ RunTime:0.001000s ]
INFO: [ app_end ] --END-- [ RunTime:0.001000s ]

[ 2017-08-04T11:50:29+08:00 ] 127.0.0.1 /blogs/index.php/Admin/Index/design.html
INFO: [ app_init ] --START--
INFO: Run Behavior\BuildLiteBehavior [ RunTime:0.000000s ]
INFO: [ app_init ] --END-- [ RunTime:0.001001s ]
INFO: [ app_begin ] --START--
INFO: Run Behavior\ReadHtmlCacheBehavior [ RunTime:0.002000s ]
INFO: [ app_begin ] --END-- [ RunTime:0.002000s ]
INFO: [ view_parse ] --START--
INFO: [ template_filter ] --START--
INFO: Run Behavior\ContentReplaceBehavior [ RunTime:0.000000s ]
INFO: [ template_filter ] --END-- [ RunTime:0.001000s ]
INFO: Run Behavior\ParseTemplateBehavior [ RunTime:0.016001s ]
INFO: [ view_parse ] --END-- [ RunTime:0.016001s ]
INFO: [ view_filter ] --START--
INFO: Run Behavior\WriteHtmlCacheBehavior [ RunTime:0.000000s ]
INFO: [ view_filter ] --END-- [ RunTime:0.000000s ]
INFO: [ app_end ] --START--
INFO: Run Behavior\ShowPageTraceBehavior [ RunTime:0.001000s ]
INFO: [ app_end ] --END-- [ RunTime:0.001000s ]

[ 2017-08-04T11:50:35+08:00 ] 127.0.0.1 /blogs/index.php/Admin/Index/system.html
INFO: [ app_init ] --START--
INFO: Run Behavior\BuildLiteBehavior [ RunTime:0.000000s ]
INFO: [ app_init ] --END-- [ RunTime:0.001000s ]
INFO: [ app_begin ] --START--
INFO: Run Behavior\ReadHtmlCacheBehavior [ RunTime:0.000000s ]
INFO: [ app_begin ] --END-- [ RunTime:0.001000s ]
INFO: [ view_parse ] --START--
INFO: [ template_filter ] --START--
INFO: Run Behavior\ContentReplaceBehavior [ RunTime:0.000000s ]
INFO: [ template_filter ] --END-- [ RunTime:0.000000s ]
INFO: Run Behavior\ParseTemplateBehavior [ RunTime:0.050003s ]
INFO: [ view_parse ] --END-- [ RunTime:0.050003s ]
INFO: [ view_filter ] --START--
INFO: Run Behavior\WriteHtmlCacheBehavior [ RunTime:0.000000s ]
INFO: [ view_filter ] --END-- [ RunTime:0.000000s ]
INFO: [ app_end ] --START--
INFO: Run Behavior\ShowPageTraceBehavior [ RunTime:0.001000s ]
INFO: [ app_end ] --END-- [ RunTime:0.001000s ]

[ 2017-08-04T11:50:35+08:00 ] 127.0.0.1 /blogs/index.php/Admin/Index/system.html
INFO: [ app_init ] --START--
INFO: Run Behavior\BuildLiteBehavior [ RunTime:0.000000s ]
INFO: [ app_init ] --END-- [ RunTime:0.001000s ]
INFO: [ app_begin ] --START--
INFO: Run Behavior\ReadHtmlCacheBehavior [ RunTime:0.001000s ]
INFO: [ app_begin ] --END-- [ RunTime:0.001000s ]
INFO: [ view_parse ] --START--
INFO: [ template_filter ] --START--
INFO: Run Behavior\ContentReplaceBehavior [ RunTime:0.000000s ]
INFO: [ template_filter ] --END-- [ RunTime:0.000000s ]
INFO: Run Behavior\ParseTemplateBehavior [ RunTime:0.012001s ]
INFO: [ view_parse ] --END-- [ RunTime:0.012001s ]
INFO: [ view_filter ] --START--
INFO: Run Behavior\WriteHtmlCacheBehavior [ RunTime:0.001000s ]
INFO: [ view_filter ] --END-- [ RunTime:0.001000s ]
INFO: [ app_end ] --START--
INFO: Run Behavior\ShowPageTraceBehavior [ RunTime:0.001000s ]
INFO: [ app_end ] --END-- [ RunTime:0.001000s ]

[ 2017-08-04T11:50:37+08:00 ] 127.0.0.1 /blogs/index.php/Admin/Index/system.html
INFO: [ app_init ] --START--
INFO: Run Behavior\BuildLiteBehavior [ RunTime:0.000000s ]
INFO: [ app_init ] --END-- [ RunTime:0.001000s ]
INFO: [ app_begin ] --START--
INFO: Run Behavior\ReadHtmlCacheBehavior [ RunTime:0.000000s ]
INFO: [ app_begin ] --END-- [ RunTime:0.000000s ]
INFO: [ view_parse ] --START--
INFO: [ template_filter ] --START--
INFO: Run Behavior\ContentReplaceBehavior [ RunTime:0.000000s ]
INFO: [ template_filter ] --END-- [ RunTime:0.000000s ]
INFO: Run Behavior\ParseTemplateBehavior [ RunTime:0.009001s ]
INFO: [ view_parse ] --END-- [ RunTime:0.009001s ]
INFO: [ view_filter ] --START--
INFO: Run Behavior\WriteHtmlCacheBehavior [ RunTime:0.000000s ]
INFO: [ view_filter ] --END-- [ RunTime:0.000000s ]
INFO: [ app_end ] --START--
INFO: Run Behavior\ShowPageTraceBehavior [ RunTime:0.001000s ]
INFO: [ app_end ] --END-- [ RunTime:0.001000s ]

[ 2017-08-04T11:51:08+08:00 ] 127.0.0.1 /blogs/index.php/Admin/Index/system.html
INFO: [ app_init ] --START--
INFO: Run Behavior\BuildLiteBehavior [ RunTime:0.000000s ]
INFO: [ app_init ] --END-- [ RunTime:0.001000s ]
INFO: [ app_begin ] --START--
INFO: Run Behavior\ReadHtmlCacheBehavior [ RunTime:0.001000s ]
INFO: [ app_begin ] --END-- [ RunTime:0.001000s ]
INFO: [ view_parse ] --START--
INFO: [ template_filter ] --START--
INFO: Run Behavior\ContentReplaceBehavior [ RunTime:0.000000s ]
INFO: [ template_filter ] --END-- [ RunTime:0.000000s ]
INFO: Run Behavior\ParseTemplateBehavior [ RunTime:0.009000s ]
INFO: [ view_parse ] --END-- [ RunTime:0.009000s ]
INFO: [ view_filter ] --START--
INFO: Run Behavior\WriteHtmlCacheBehavior [ RunTime:0.001000s ]
INFO: [ view_filter ] --END-- [ RunTime:0.001000s ]
INFO: [ app_end ] --START--
INFO: Run Behavior\ShowPageTraceBehavior [ RunTime:0.001000s ]
INFO: [ app_end ] --END-- [ RunTime:0.001000s ]

[ 2017-08-04T11:51:10+08:00 ] 127.0.0.1 /blogs/index.php/Admin/Blogarticle/blogarticle.html
INFO: [ app_init ] --START--
INFO: Run Behavior\BuildLiteBehavior [ RunTime:0.000000s ]
INFO: [ app_init ] --END-- [ RunTime:0.000000s ]
INFO: [ app_begin ] --START--
INFO: Run Behavior\ReadHtmlCacheBehavior [ RunTime:0.001000s ]
INFO: [ app_begin ] --END-- [ RunTime:0.001000s ]
NOTIC: [2048] Declaration of Admin\Model\BlogarticleModel::page() should be compatible with that of Think\Model::page() D:\WWW\blogs\Application\Admin\Model\BlogarticleModel.class.php 第 4 行.
SQL: SHOW COLUMNS FROM `blogarticle` [ RunTime:0.0060s ]
SQL: SHOW COLUMNS FROM `blogarticle` [ RunTime:0.0060s ]
SQL: SELECT COUNT(*) AS tp_count FROM `blogarticle` inner join category On blogarticle.cat_idi=category.cat_id  WHERE ( is_delete=1 ) ORDER BY aord desc LIMIT 1   [ RunTime:0.0010s ]
SQL: SELECT * FROM `blogarticle` inner join category On blogarticle.cat_idi=category.cat_id  WHERE ( is_delete=1 ) ORDER BY aord desc LIMIT 0,5   [ RunTime:0.0010s ]
NOTIC: [2048] Declaration of Admin\Model\CategoryModel::page() should be compatible with that of Think\Model::page() D:\WWW\blogs\Application\Admin\Model\CategoryModel.class.php 第 68 行.
SQL: SHOW COLUMNS FROM `category` [ RunTime:0.0050s ]
SQL: SHOW COLUMNS FROM `category` [ RunTime:0.0070s ]
SQL: SELECT * FROM `category`  [ RunTime:0.0000s ]
INFO: [ view_parse ] --START--
INFO: [ template_filter ] --START--
INFO: Run Behavior\ContentReplaceBehavior [ RunTime:0.000000s ]
INFO: [ template_filter ] --END-- [ RunTime:0.000000s ]
INFO: Run Behavior\ParseTemplateBehavior [ RunTime:0.022002s ]
INFO: [ view_parse ] --END-- [ RunTime:0.022002s ]
INFO: [ view_filter ] --START--
INFO: Run Behavior\WriteHtmlCacheBehavior [ RunTime:0.000000s ]
INFO: [ view_filter ] --END-- [ RunTime:0.000000s ]
INFO: [ app_end ] --START--
INFO: Run Behavior\ShowPageTraceBehavior [ RunTime:0.000000s ]
INFO: [ app_end ] --END-- [ RunTime:0.000000s ]

[ 2017-08-04T11:51:11+08:00 ] 127.0.0.1 /blogs/index.php/Admin/Blogarticle/blogarticle.html
INFO: [ app_init ] --START--
INFO: Run Behavior\BuildLiteBehavior [ RunTime:0.000000s ]
INFO: [ app_init ] --END-- [ RunTime:0.000000s ]
INFO: [ app_begin ] --START--
INFO: Run Behavior\ReadHtmlCacheBehavior [ RunTime:0.001000s ]
INFO: [ app_begin ] --END-- [ RunTime:0.001000s ]
NOTIC: [2048] Declaration of Admin\Model\BlogarticleModel::page() should be compatible with that of Think\Model::page() D:\WWW\blogs\Application\Admin\Model\BlogarticleModel.class.php 第 4 行.
SQL: SHOW COLUMNS FROM `blogarticle` [ RunTime:0.0060s ]
SQL: SHOW COLUMNS FROM `blogarticle` [ RunTime:0.0060s ]
SQL: SELECT COUNT(*) AS tp_count FROM `blogarticle` inner join category On blogarticle.cat_idi=category.cat_id  WHERE ( is_delete=1 ) ORDER BY aord desc LIMIT 1   [ RunTime:0.0000s ]
SQL: SELECT * FROM `blogarticle` inner join category On blogarticle.cat_idi=category.cat_id  WHERE ( is_delete=1 ) ORDER BY aord desc LIMIT 0,5   [ RunTime:0.0010s ]
NOTIC: [2048] Declaration of Admin\Model\CategoryModel::page() should be compatible with that of Think\Model::page() D:\WWW\blogs\Application\Admin\Model\CategoryModel.class.php 第 68 行.
SQL: SHOW COLUMNS FROM `category` [ RunTime:0.0050s ]
SQL: SHOW COLUMNS FROM `category` [ RunTime:0.0060s ]
SQL: SELECT * FROM `category`  [ RunTime:0.0000s ]
INFO: [ view_parse ] --START--
INFO: [ template_filter ] --START--
INFO: Run Behavior\ContentReplaceBehavior [ RunTime:0.000000s ]
INFO: [ template_filter ] --END-- [ RunTime:0.000000s ]
INFO: Run Behavior\ParseTemplateBehavior [ RunTime:0.010001s ]
INFO: [ view_parse ] --END-- [ RunTime:0.010001s ]
INFO: [ view_filter ] --START--
INFO: Run Behavior\WriteHtmlCacheBehavior [ RunTime:0.000000s ]
INFO: [ view_filter ] --END-- [ RunTime:0.000000s ]
INFO: [ app_end ] --START--
INFO: Run Behavior\ShowPageTraceBehavior [ RunTime:0.001000s ]
INFO: [ app_end ] --END-- [ RunTime:0.001000s ]

[ 2017-08-04T11:51:12+08:00 ] 127.0.0.1 /blogs/index.php/Admin/Category/category.html
INFO: [ app_init ] --START--
INFO: Run Behavior\BuildLiteBehavior [ RunTime:0.000000s ]
INFO: [ app_init ] --END-- [ RunTime:0.000000s ]
INFO: [ app_begin ] --START--
INFO: Run Behavior\ReadHtmlCacheBehavior [ RunTime:0.001000s ]
INFO: [ app_begin ] --END-- [ RunTime:0.001000s ]
NOTIC: [2048] Declaration of Admin\Model\CategoryModel::page() should be compatible with that of Think\Model::page() D:\WWW\blogs\Application\Admin\Model\CategoryModel.class.php 第 4 行.
SQL: SHOW COLUMNS FROM `category` [ RunTime:0.0060s ]
SQL: SHOW COLUMNS FROM `category` [ RunTime:0.0060s ]
SQL: SELECT COUNT(*) AS tp_count FROM `category` WHERE ( c_id=1 ) ORDER BY ord desc LIMIT 1   [ RunTime:0.0010s ]
SQL: SELECT * FROM `category` WHERE ( c_id=1 ) ORDER BY ord desc LIMIT 0,5   [ RunTime:0.0000s ]
SQL: SELECT * FROM `category`  [ RunTime:0.0010s ]
INFO: [ view_parse ] --START--
INFO: [ template_filter ] --START--
INFO: Run Behavior\ContentReplaceBehavior [ RunTime:0.000000s ]
INFO: [ template_filter ] --END-- [ RunTime:0.000000s ]
INFO: Run Behavior\ParseTemplateBehavior [ RunTime:0.027001s ]
INFO: [ view_parse ] --END-- [ RunTime:0.027001s ]
INFO: [ view_filter ] --START--
INFO: Run Behavior\WriteHtmlCacheBehavior [ RunTime:0.001000s ]
INFO: [ view_filter ] --END-- [ RunTime:0.001000s ]
INFO: [ app_end ] --START--
INFO: Run Behavior\ShowPageTraceBehavior [ RunTime:0.001000s ]
INFO: [ app_end ] --END-- [ RunTime:0.001000s ]

[ 2017-08-04T11:51:12+08:00 ] 127.0.0.1 /blogs/index.php/Admin/Category/category.html
INFO: [ app_init ] --START--
INFO: Run Behavior\BuildLiteBehavior [ RunTime:0.000000s ]
INFO: [ app_init ] --END-- [ RunTime:0.000000s ]
INFO: [ app_begin ] --START--
INFO: Run Behavior\ReadHtmlCacheBehavior [ RunTime:0.000000s ]
INFO: [ app_begin ] --END-- [ RunTime:0.001000s ]
NOTIC: [2048] Declaration of Admin\Model\CategoryModel::page() should be compatible with that of Think\Model::page() D:\WWW\blogs\Application\Admin\Model\CategoryModel.class.php 第 4 行.
SQL: SHOW COLUMNS FROM `category` [ RunTime:0.0060s ]
SQL: SHOW COLUMNS FROM `category` [ RunTime:0.0070s ]
SQL: SELECT COUNT(*) AS tp_count FROM `category` WHERE ( c_id=1 ) ORDER BY ord desc LIMIT 1   [ RunTime:0.0000s ]
SQL: SELECT * FROM `category` WHERE ( c_id=1 ) ORDER BY ord desc LIMIT 0,5   [ RunTime:0.0000s ]
SQL: SELECT * FROM `category`  [ RunTime:0.0000s ]
INFO: [ view_parse ] --START--
INFO: [ template_filter ] --START--
INFO: Run Behavior\ContentReplaceBehavior [ RunTime:0.000000s ]
INFO: [ template_filter ] --END-- [ RunTime:0.000000s ]
INFO: Run Behavior\ParseTemplateBehavior [ RunTime:0.012000s ]
INFO: [ view_parse ] --END-- [ RunTime:0.012000s ]
INFO: [ view_filter ] --START--
INFO: Run Behavior\WriteHtmlCacheBehavior [ RunTime:0.001000s ]
INFO: [ view_filter ] --END-- [ RunTime:0.001000s ]
INFO: [ app_end ] --START--
INFO: Run Behavior\ShowPageTraceBehavior [ RunTime:0.001000s ]
INFO: [ app_end ] --END-- [ RunTime:0.001000s ]

[ 2017-08-04T11:51:13+08:00 ] 127.0.0.1 /blogs/index.php/Admin/Blogarticle/blogarticle.html
INFO: [ app_init ] --START--
INFO: Run Behavior\BuildLiteBehavior [ RunTime:0.000000s ]
INFO: [ app_init ] --END-- [ RunTime:0.001000s ]
INFO: [ app_begin ] --START--
INFO: Run Behavior\ReadHtmlCacheBehavior [ RunTime:0.001000s ]
INFO: [ app_begin ] --END-- [ RunTime:0.001000s ]
NOTIC: [2048] Declaration of Admin\Model\BlogarticleModel::page() should be compatible with that of Think\Model::page() D:\WWW\blogs\Application\Admin\Model\BlogarticleModel.class.php 第 4 行.
SQL: SHOW COLUMNS FROM `blogarticle` [ RunTime:0.0130s ]
SQL: SHOW COLUMNS FROM `blogarticle` [ RunTime:0.0130s ]
SQL: SELECT COUNT(*) AS tp_count FROM `blogarticle` inner join category On blogarticle.cat_idi=category.cat_id  WHERE ( is_delete=1 ) ORDER BY aord desc LIMIT 1   [ RunTime:0.0010s ]
SQL: SELECT * FROM `blogarticle` inner join category On blogarticle.cat_idi=category.cat_id  WHERE ( is_delete=1 ) ORDER BY aord desc LIMIT 0,5   [ RunTime:0.0020s ]
NOTIC: [2048] Declaration of Admin\Model\CategoryModel::page() should be compatible with that of Think\Model::page() D:\WWW\blogs\Application\Admin\Model\CategoryModel.class.php 第 68 行.
SQL: SHOW COLUMNS FROM `category` [ RunTime:0.0110s ]
SQL: SHOW COLUMNS FROM `category` [ RunTime:0.0110s ]
SQL: SELECT * FROM `category`  [ RunTime:0.0000s ]
INFO: [ view_parse ] --START--
INFO: [ template_filter ] --START--
INFO: Run Behavior\ContentReplaceBehavior [ RunTime:0.000000s ]
INFO: [ template_filter ] --END-- [ RunTime:0.000000s ]
INFO: Run Behavior\ParseTemplateBehavior [ RunTime:0.022001s ]
INFO: [ view_parse ] --END-- [ RunTime:0.024001s ]
INFO: [ view_filter ] --START--
INFO: Run Behavior\WriteHtmlCacheBehavior [ RunTime:0.000000s ]
INFO: [ view_filter ] --END-- [ RunTime:0.000000s ]
INFO: [ app_end ] --START--
INFO: Run Behavior\ShowPageTraceBehavior [ RunTime:0.001000s ]
INFO: [ app_end ] --END-- [ RunTime:0.001000s ]

[ 2017-08-04T11:51:14+08:00 ] 127.0.0.1 /blogs/index.php/Admin/Category/category.html
INFO: [ app_init ] --START--
INFO: Run Behavior\BuildLiteBehavior [ RunTime:0.000000s ]
INFO: [ app_init ] --END-- [ RunTime:0.000000s ]
INFO: [ app_begin ] --START--
INFO: Run Behavior\ReadHtmlCacheBehavior [ RunTime:0.001000s ]
INFO: [ app_begin ] --END-- [ RunTime:0.001000s ]
NOTIC: [2048] Declaration of Admin\Model\CategoryModel::page() should be compatible with that of Think\Model::page() D:\WWW\blogs\Application\Admin\Model\CategoryModel.class.php 第 4 行.
SQL: SHOW COLUMNS FROM `category` [ RunTime:0.0060s ]
SQL: SHOW COLUMNS FROM `category` [ RunTime:0.0070s ]
SQL: SELECT COUNT(*) AS tp_count FROM `category` WHERE ( c_id=1 ) ORDER BY ord desc LIMIT 1   [ RunTime:0.0000s ]
SQL: SELECT * FROM `category` WHERE ( c_id=1 ) ORDER BY ord desc LIMIT 0,5   [ RunTime:0.0010s ]
SQL: SELECT * FROM `category`  [ RunTime:0.0000s ]
INFO: [ view_parse ] --START--
INFO: [ template_filter ] --START--
INFO: Run Behavior\ContentReplaceBehavior [ RunTime:0.000000s ]
INFO: [ template_filter ] --END-- [ RunTime:0.000000s ]
INFO: Run Behavior\ParseTemplateBehavior [ RunTime:0.011001s ]
INFO: [ view_parse ] --END-- [ RunTime:0.012001s ]
INFO: [ view_filter ] --START--
INFO: Run Behavior\WriteHtmlCacheBehavior [ RunTime:0.000000s ]
INFO: [ view_filter ] --END-- [ RunTime:0.000000s ]
INFO: [ app_end ] --START--
INFO: Run Behavior\ShowPageTraceBehavior [ RunTime:0.001000s ]
INFO: [ app_end ] --END-- [ RunTime:0.001000s ]

[ 2017-08-04T11:51:15+08:00 ] 127.0.0.1 /blogs/index.php/Admin/Blogarticle/blogarticle.html
INFO: [ app_init ] --START--
INFO: Run Behavior\BuildLiteBehavior [ RunTime:0.000000s ]
INFO: [ app_init ] --END-- [ RunTime:0.000000s ]
INFO: [ app_begin ] --START--
INFO: Run Behavior\ReadHtmlCacheBehavior [ RunTime:0.001000s ]
INFO: [ app_begin ] --END-- [ RunTime:0.001000s ]
NOTIC: [2048] Declaration of Admin\Model\BlogarticleModel::page() should be compatible with that of Think\Model::page() D:\WWW\blogs\Application\Admin\Model\BlogarticleModel.class.php 第 4 行.
SQL: SHOW COLUMNS FROM `blogarticle` [ RunTime:0.0060s ]
SQL: SHOW COLUMNS FROM `blogarticle` [ RunTime:0.0060s ]
SQL: SELECT COUNT(*) AS tp_count FROM `blogarticle` inner join category On blogarticle.cat_idi=category.cat_id  WHERE ( is_delete=1 ) ORDER BY aord desc LIMIT 1   [ RunTime:0.0010s ]
SQL: SELECT * FROM `blogarticle` inner join category On blogarticle.cat_idi=category.cat_id  WHERE ( is_delete=1 ) ORDER BY aord desc LIMIT 0,5   [ RunTime:0.0010s ]
NOTIC: [2048] Declaration of Admin\Model\CategoryModel::page() should be compatible with that of Think\Model::page() D:\WWW\blogs\Application\Admin\Model\CategoryModel.class.php 第 68 行.
SQL: SHOW COLUMNS FROM `category` [ RunTime:0.0060s ]
SQL: SHOW COLUMNS FROM `category` [ RunTime:0.0050s ]
SQL: SELECT * FROM `category`  [ RunTime:0.0000s ]
INFO: [ view_parse ] --START--
INFO: [ template_filter ] --START--
INFO: Run Behavior\ContentReplaceBehavior [ RunTime:0.000000s ]
INFO: [ template_filter ] --END-- [ RunTime:0.000000s ]
INFO: Run Behavior\ParseTemplateBehavior [ RunTime:0.013001s ]
INFO: [ view_parse ] --END-- [ RunTime:0.013001s ]
INFO: [ view_filter ] --START--
INFO: Run Behavior\WriteHtmlCacheBehavior [ RunTime:0.000000s ]
INFO: [ view_filter ] --END-- [ RunTime:0.000000s ]
INFO: [ app_end ] --START--
INFO: Run Behavior\ShowPageTraceBehavior [ RunTime:0.000000s ]
INFO: [ app_end ] --END-- [ RunTime:0.000000s ]

[ 2017-08-04T11:51:15+08:00 ] 127.0.0.1 /blogs/index.php/Admin/Blogarticle/blogarticle.html
INFO: [ app_init ] --START--
INFO: Run Behavior\BuildLiteBehavior [ RunTime:0.000000s ]
INFO: [ app_init ] --END-- [ RunTime:0.000000s ]
INFO: [ app_begin ] --START--
INFO: Run Behavior\ReadHtmlCacheBehavior [ RunTime:0.001000s ]
INFO: [ app_begin ] --END-- [ RunTime:0.001000s ]
NOTIC: [2048] Declaration of Admin\Model\BlogarticleModel::page() should be compatible with that of Think\Model::page() D:\WWW\blogs\Application\Admin\Model\BlogarticleModel.class.php 第 4 行.
SQL: SHOW COLUMNS FROM `blogarticle` [ RunTime:0.0060s ]
SQL: SHOW COLUMNS FROM `blogarticle` [ RunTime:0.0060s ]
SQL: SELECT COUNT(*) AS tp_count FROM `blogarticle` inner join category On blogarticle.cat_idi=category.cat_id  WHERE ( is_delete=1 ) ORDER BY aord desc LIMIT 1   [ RunTime:0.0010s ]
SQL: SELECT * FROM `blogarticle` inner join category On blogarticle.cat_idi=category.cat_id  WHERE ( is_delete=1 ) ORDER BY aord desc LIMIT 0,5   [ RunTime:0.0000s ]
NOTIC: [2048] Declaration of Admin\Model\CategoryModel::page() should be compatible with that of Think\Model::page() D:\WWW\blogs\Application\Admin\Model\CategoryModel.class.php 第 68 行.
SQL: SHOW COLUMNS FROM `category` [ RunTime:0.0060s ]
SQL: SHOW COLUMNS FROM `category` [ RunTime:0.0060s ]
SQL: SELECT * FROM `category`  [ RunTime:0.0000s ]
INFO: [ view_parse ] --START--
INFO: [ template_filter ] --START--
INFO: Run Behavior\ContentReplaceBehavior [ RunTime:0.000000s ]
INFO: [ template_filter ] --END-- [ RunTime:0.000000s ]
INFO: Run Behavior\ParseTemplateBehavior [ RunTime:0.012000s ]
INFO: [ view_parse ] --END-- [ RunTime:0.012000s ]
INFO: [ view_filter ] --START--
INFO: Run Behavior\WriteHtmlCacheBehavior [ RunTime:0.000000s ]
INFO: [ view_filter ] --END-- [ RunTime:0.000000s ]
INFO: [ app_end ] --START--
INFO: Run Behavior\ShowPageTraceBehavior [ RunTime:0.000000s ]
INFO: [ app_end ] --END-- [ RunTime:0.000000s ]

[ 2017-08-04T14:42:41+08:00 ] 127.0.0.1 /blogs/index.php/Admin/Blogarticle/blogarticle.html
INFO: [ app_init ] --START--
INFO: Run Behavior\BuildLiteBehavior [ RunTime:0.000000s ]
INFO: [ app_init ] --END-- [ RunTime:0.001000s ]
INFO: [ app_begin ] --START--
INFO: Run Behavior\ReadHtmlCacheBehavior [ RunTime:0.001000s ]
INFO: [ app_begin ] --END-- [ RunTime:0.001000s ]
NOTIC: [2048] Declaration of Admin\Model\BlogarticleModel::page() should be compatible with that of Think\Model::page() D:\WWW\blogs\Application\Admin\Model\BlogarticleModel.class.php 第 4 行.
SQL: SHOW COLUMNS FROM `blogarticle` [ RunTime:0.0060s ]
SQL: SHOW COLUMNS FROM `blogarticle` [ RunTime:0.0060s ]
SQL: SELECT COUNT(*) AS tp_count FROM `blogarticle` inner join category On blogarticle.cat_idi=category.cat_id  WHERE ( is_delete=1 ) ORDER BY aord desc LIMIT 1   [ RunTime:0.0010s ]
SQL: SELECT * FROM `blogarticle` inner join category On blogarticle.cat_idi=category.cat_id  WHERE ( is_delete=1 ) ORDER BY aord desc LIMIT 0,5   [ RunTime:0.0010s ]
NOTIC: [2048] Declaration of Admin\Model\CategoryModel::page() should be compatible with that of Think\Model::page() D:\WWW\blogs\Application\Admin\Model\CategoryModel.class.php 第 68 行.
SQL: SHOW COLUMNS FROM `category` [ RunTime:0.0060s ]
SQL: SHOW COLUMNS FROM `category` [ RunTime:0.0060s ]
SQL: SELECT * FROM `category`  [ RunTime:0.0010s ]
INFO: [ view_parse ] --START--
INFO: [ template_filter ] --START--
INFO: Run Behavior\ContentReplaceBehavior [ RunTime:0.000000s ]
INFO: [ template_filter ] --END-- [ RunTime:0.000000s ]
INFO: Run Behavior\ParseTemplateBehavior [ RunTime:0.012001s ]
INFO: [ view_parse ] --END-- [ RunTime:0.012001s ]
INFO: [ view_filter ] --START--
INFO: Run Behavior\WriteHtmlCacheBehavior [ RunTime:0.001000s ]
INFO: [ view_filter ] --END-- [ RunTime:0.001000s ]
INFO: [ app_end ] --START--
INFO: Run Behavior\ShowPageTraceBehavior [ RunTime:0.001000s ]
INFO: [ app_end ] --END-- [ RunTime:0.001000s ]

[ 2017-08-04T14:42:42+08:00 ] 127.0.0.1 /blogs/index.php/Admin/Blogarticle/blogarticle.html
INFO: [ app_init ] --START--
INFO: Run Behavior\BuildLiteBehavior [ RunTime:0.000000s ]
INFO: [ app_init ] --END-- [ RunTime:0.001000s ]
INFO: [ app_begin ] --START--
INFO: Run Behavior\ReadHtmlCacheBehavior [ RunTime:0.001001s ]
INFO: [ app_begin ] --END-- [ RunTime:0.001001s ]
NOTIC: [2048] Declaration of Admin\Model\BlogarticleModel::page() should be compatible with that of Think\Model::page() D:\WWW\blogs\Application\Admin\Model\BlogarticleModel.class.php 第 4 行.
SQL: SHOW COLUMNS FROM `blogarticle` [ RunTime:0.0060s ]
SQL: SHOW COLUMNS FROM `blogarticle` [ RunTime:0.0060s ]
SQL: SELECT COUNT(*) AS tp_count FROM `blogarticle` inner join category On blogarticle.cat_idi=category.cat_id  WHERE ( is_delete=1 ) ORDER BY aord desc LIMIT 1   [ RunTime:0.0000s ]
SQL: SELECT * FROM `blogarticle` inner join category On blogarticle.cat_idi=category.cat_id  WHERE ( is_delete=1 ) ORDER BY aord desc LIMIT 0,5   [ RunTime:0.0010s ]
NOTIC: [2048] Declaration of Admin\Model\CategoryModel::page() should be compatible with that of Think\Model::page() D:\WWW\blogs\Application\Admin\Model\CategoryModel.class.php 第 68 行.
SQL: SHOW COLUMNS FROM `category` [ RunTime:0.0060s ]
SQL: SHOW COLUMNS FROM `category` [ RunTime:0.0060s ]
SQL: SELECT * FROM `category`  [ RunTime:0.0010s ]
INFO: [ view_parse ] --START--
INFO: [ template_filter ] --START--
INFO: Run Behavior\ContentReplaceBehavior [ RunTime:0.000000s ]
INFO: [ template_filter ] --END-- [ RunTime:0.000000s ]
INFO: Run Behavior\ParseTemplateBehavior [ RunTime:0.011001s ]
INFO: [ view_parse ] --END-- [ RunTime:0.011001s ]
INFO: [ view_filter ] --START--
INFO: Run Behavior\WriteHtmlCacheBehavior [ RunTime:0.000000s ]
INFO: [ view_filter ] --END-- [ RunTime:0.001000s ]
INFO: [ app_end ] --START--
INFO: Run Behavior\ShowPageTraceBehavior [ RunTime:0.001000s ]
INFO: [ app_end ] --END-- [ RunTime:0.001000s ]

[ 2017-08-04T14:42:43+08:00 ] 127.0.0.1 /blogs/index.php/Admin/Blogarticle/blogarticle.html
INFO: [ app_init ] --START--
INFO: Run Behavior\BuildLiteBehavior [ RunTime:0.000000s ]
INFO: [ app_init ] --END-- [ RunTime:0.000000s ]
INFO: [ app_begin ] --START--
INFO: Run Behavior\ReadHtmlCacheBehavior [ RunTime:0.001000s ]
INFO: [ app_begin ] --END-- [ RunTime:0.001000s ]
NOTIC: [2048] Declaration of Admin\Model\BlogarticleModel::page() should be compatible with that of Think\Model::page() D:\WWW\blogs\Application\Admin\Model\BlogarticleModel.class.php 第 4 行.
SQL: SHOW COLUMNS FROM `blogarticle` [ RunTime:0.0070s ]
SQL: SHOW COLUMNS FROM `blogarticle` [ RunTime:0.0050s ]
SQL: SELECT COUNT(*) AS tp_count FROM `blogarticle` inner join category On blogarticle.cat_idi=category.cat_id  WHERE ( is_delete=1 ) ORDER BY aord desc LIMIT 1   [ RunTime:0.0010s ]
SQL: SELECT * FROM `blogarticle` inner join category On blogarticle.cat_idi=category.cat_id  WHERE ( is_delete=1 ) ORDER BY aord desc LIMIT 0,5   [ RunTime:0.0000s ]
NOTIC: [2048] Declaration of Admin\Model\CategoryModel::page() should be compatible with that of Think\Model::page() D:\WWW\blogs\Application\Admin\Model\CategoryModel.class.php 第 68 行.
SQL: SHOW COLUMNS FROM `category` [ RunTime:0.0060s ]
SQL: SHOW COLUMNS FROM `category` [ RunTime:0.0060s ]
SQL: SELECT * FROM `category`  [ RunTime:0.0000s ]
INFO: [ view_parse ] --START--
INFO: [ template_filter ] --START--
INFO: Run Behavior\ContentReplaceBehavior [ RunTime:0.000000s ]
INFO: [ template_filter ] --END-- [ RunTime:0.000000s ]
INFO: Run Behavior\ParseTemplateBehavior [ RunTime:0.012001s ]
INFO: [ view_parse ] --END-- [ RunTime:0.012001s ]
INFO: [ view_filter ] --START--
INFO: Run Behavior\WriteHtmlCacheBehavior [ RunTime:0.000000s ]
INFO: [ view_filter ] --END-- [ RunTime:0.000000s ]
INFO: [ app_end ] --START--
INFO: Run Behavior\ShowPageTraceBehavior [ RunTime:0.001000s ]
INFO: [ app_end ] --END-- [ RunTime:0.001000s ]

[ 2017-08-04T14:43:03+08:00 ] 127.0.0.1 /blogs/index.php/Admin/Blogarticle/blogarticle.html
INFO: [ app_init ] --START--
INFO: Run Behavior\BuildLiteBehavior [ RunTime:0.000000s ]
INFO: [ app_init ] --END-- [ RunTime:0.000000s ]
INFO: [ app_begin ] --START--
INFO: Run Behavior\ReadHtmlCacheBehavior [ RunTime:0.001000s ]
INFO: [ app_begin ] --END-- [ RunTime:0.001000s ]
NOTIC: [2048] Declaration of Admin\Model\BlogarticleModel::page() should be compatible with that of Think\Model::page() D:\WWW\blogs\Application\Admin\Model\BlogarticleModel.class.php 第 4 行.
SQL: SHOW COLUMNS FROM `blogarticle` [ RunTime:0.0060s ]
SQL: SHOW COLUMNS FROM `blogarticle` [ RunTime:0.0060s ]
SQL: SELECT COUNT(*) AS tp_count FROM `blogarticle` inner join category On blogarticle.cat_idi=category.cat_id  WHERE ( is_delete=1 ) ORDER BY aord desc LIMIT 1   [ RunTime:0.0000s ]
SQL: SELECT * FROM `blogarticle` inner join category On blogarticle.cat_idi=category.cat_id  WHERE ( is_delete=1 ) ORDER BY aord desc LIMIT 0,5   [ RunTime:0.0000s ]
NOTIC: [2048] Declaration of Admin\Model\CategoryModel::page() should be compatible with that of Think\Model::page() D:\WWW\blogs\Application\Admin\Model\CategoryModel.class.php 第 68 行.
SQL: SHOW COLUMNS FROM `category` [ RunTime:0.0060s ]
SQL: SHOW COLUMNS FROM `category` [ RunTime:0.0050s ]
SQL: SELECT * FROM `category`  [ RunTime:0.0010s ]
INFO: [ view_parse ] --START--
INFO: [ template_filter ] --START--
INFO: Run Behavior\ContentReplaceBehavior [ RunTime:0.000000s ]
INFO: [ template_filter ] --END-- [ RunTime:0.000000s ]
INFO: Run Behavior\ParseTemplateBehavior [ RunTime:0.013001s ]
INFO: [ view_parse ] --END-- [ RunTime:0.013001s ]
INFO: [ view_filter ] --START--
INFO: Run Behavior\WriteHtmlCacheBehavior [ RunTime:0.000000s ]
INFO: [ view_filter ] --END-- [ RunTime:0.000000s ]
INFO: [ app_end ] --START--
INFO: Run Behavior\ShowPageTraceBehavior [ RunTime:0.001000s ]
INFO: [ app_end ] --END-- [ RunTime:0.001000s ]

[ 2017-08-04T14:43:04+08:00 ] 127.0.0.1 /blogs/index.php/Admin/Blogarticle/hui.html
INFO: [ app_init ] --START--
INFO: Run Behavior\BuildLiteBehavior [ RunTime:0.000000s ]
INFO: [ app_init ] --END-- [ RunTime:0.000000s ]
INFO: [ app_begin ] --START--
INFO: Run Behavior\ReadHtmlCacheBehavior [ RunTime:0.001000s ]
INFO: [ app_begin ] --END-- [ RunTime:0.001000s ]
NOTIC: [2048] Declaration of Admin\Model\BlogarticleModel::page() should be compatible with that of Think\Model::page() D:\WWW\blogs\Application\Admin\Model\BlogarticleModel.class.php 第 4 行.
SQL: SHOW COLUMNS FROM `blogarticle` [ RunTime:0.0060s ]
SQL: SHOW COLUMNS FROM `blogarticle` [ RunTime:0.0060s ]
SQL: SELECT COUNT(*) AS tp_count FROM `blogarticle` inner join category On blogarticle.cat_idi=category.cat_id  WHERE ( is_delete=0 ) ORDER BY aord desc LIMIT 1   [ RunTime:0.0000s ]
SQL: SELECT * FROM `blogarticle` inner join category On blogarticle.cat_idi=category.cat_id  WHERE ( is_delete=0 ) ORDER BY aord desc LIMIT 0,5   [ RunTime:0.0000s ]
NOTIC: [2048] Declaration of Admin\Model\CategoryModel::page() should be compatible with that of Think\Model::page() D:\WWW\blogs\Application\Admin\Model\CategoryModel.class.php 第 68 行.
SQL: SHOW COLUMNS FROM `category` [ RunTime:0.0060s ]
SQL: SHOW COLUMNS FROM `category` [ RunTime:0.0050s ]
SQL: SELECT * FROM `category`  [ RunTime:0.0000s ]
INFO: [ view_parse ] --START--
INFO: [ template_filter ] --START--
INFO: Run Behavior\ContentReplaceBehavior [ RunTime:0.001000s ]
INFO: [ template_filter ] --END-- [ RunTime:0.001000s ]
INFO: Run Behavior\ParseTemplateBehavior [ RunTime:0.012001s ]
INFO: [ view_parse ] --END-- [ RunTime:0.012001s ]
INFO: [ view_filter ] --START--
INFO: Run Behavior\WriteHtmlCacheBehavior [ RunTime:0.000000s ]
INFO: [ view_filter ] --END-- [ RunTime:0.001000s ]
INFO: [ app_end ] --START--
INFO: Run Behavior\ShowPageTraceBehavior [ RunTime:0.000000s ]
INFO: [ app_end ] --END-- [ RunTime:0.001000s ]

[ 2017-08-04T14:43:07+08:00 ] 127.0.0.1 /blogs/index.php/Admin/Blogarticle/blogarticle.html
INFO: [ app_init ] --START--
INFO: Run Behavior\BuildLiteBehavior [ RunTime:0.000000s ]
INFO: [ app_init ] --END-- [ RunTime:0.000000s ]
INFO: [ app_begin ] --START--
INFO: Run Behavior\ReadHtmlCacheBehavior [ RunTime:0.001000s ]
INFO: [ app_begin ] --END-- [ RunTime:0.001000s ]
NOTIC: [2048] Declaration of Admin\Model\BlogarticleModel::page() should be compatible with that of Think\Model::page() D:\WWW\blogs\Application\Admin\Model\BlogarticleModel.class.php 第 4 行.
SQL: SHOW COLUMNS FROM `blogarticle` [ RunTime:0.0060s ]
SQL: SHOW COLUMNS FROM `blogarticle` [ RunTime:0.0060s ]
SQL: SELECT COUNT(*) AS tp_count FROM `blogarticle` inner join category On blogarticle.cat_idi=category.cat_id  WHERE ( is_delete=1 ) ORDER BY aord desc LIMIT 1   [ RunTime:0.0010s ]
SQL: SELECT * FROM `blogarticle` inner join category On blogarticle.cat_idi=category.cat_id  WHERE ( is_delete=1 ) ORDER BY aord desc LIMIT 0,5   [ RunTime:0.0000s ]
NOTIC: [2048] Declaration of Admin\Model\CategoryModel::page() should be compatible with that of Think\Model::page() D:\WWW\blogs\Application\Admin\Model\CategoryModel.class.php 第 68 行.
SQL: SHOW COLUMNS FROM `category` [ RunTime:0.0060s ]
SQL: SHOW COLUMNS FROM `category` [ RunTime:0.0050s ]
SQL: SELECT * FROM `category`  [ RunTime:0.0000s ]
INFO: [ view_parse ] --START--
INFO: [ template_filter ] --START--
INFO: Run Behavior\ContentReplaceBehavior [ RunTime:0.001000s ]
INFO: [ template_filter ] --END-- [ RunTime:0.001000s ]
INFO: Run Behavior\ParseTemplateBehavior [ RunTime:0.013001s ]
INFO: [ view_parse ] --END-- [ RunTime:0.013001s ]
INFO: [ view_filter ] --START--
INFO: Run Behavior\WriteHtmlCacheBehavior [ RunTime:0.000000s ]
INFO: [ view_filter ] --END-- [ RunTime:0.001000s ]
INFO: [ app_end ] --START--
INFO: Run Behavior\ShowPageTraceBehavior [ RunTime:0.001000s ]
INFO: [ app_end ] --END-- [ RunTime:0.001000s ]

[ 2017-08-04T14:43:08+08:00 ] 127.0.0.1 /blogs/index.php/Admin/Category/category.html
INFO: [ app_init ] --START--
INFO: Run Behavior\BuildLiteBehavior [ RunTime:0.000000s ]
INFO: [ app_init ] --END-- [ RunTime:0.000000s ]
INFO: [ app_begin ] --START--
INFO: Run Behavior\ReadHtmlCacheBehavior [ RunTime:0.001000s ]
INFO: [ app_begin ] --END-- [ RunTime:0.001000s ]
NOTIC: [2048] Declaration of Admin\Model\CategoryModel::page() should be compatible with that of Think\Model::page() D:\WWW\blogs\Application\Admin\Model\CategoryModel.class.php 第 4 行.
SQL: SHOW COLUMNS FROM `category` [ RunTime:0.0060s ]
SQL: SHOW COLUMNS FROM `category` [ RunTime:0.0050s ]
SQL: SELECT COUNT(*) AS tp_count FROM `category` WHERE ( c_id=1 ) ORDER BY ord desc LIMIT 1   [ RunTime:0.0000s ]
SQL: SELECT * FROM `category` WHERE ( c_id=1 ) ORDER BY ord desc LIMIT 0,5   [ RunTime:0.0010s ]
SQL: SELECT * FROM `category`  [ RunTime:0.0000s ]
INFO: [ view_parse ] --START--
INFO: [ template_filter ] --START--
INFO: Run Behavior\ContentReplaceBehavior [ RunTime:0.000000s ]
INFO: [ template_filter ] --END-- [ RunTime:0.000000s ]
INFO: Run Behavior\ParseTemplateBehavior [ RunTime:0.010001s ]
INFO: [ view_parse ] --END-- [ RunTime:0.010001s ]
INFO: [ view_filter ] --START--
INFO: Run Behavior\WriteHtmlCacheBehavior [ RunTime:0.001000s ]
INFO: [ view_filter ] --END-- [ RunTime:0.001000s ]
INFO: [ app_end ] --START--
INFO: Run Behavior\ShowPageTraceBehavior [ RunTime:0.001000s ]
INFO: [ app_end ] --END-- [ RunTime:0.001000s ]

[ 2017-08-04T14:43:09+08:00 ] 127.0.0.1 /blogs/index.php/Admin/Category/category.html
INFO: [ app_init ] --START--
INFO: Run Behavior\BuildLiteBehavior [ RunTime:0.000000s ]
INFO: [ app_init ] --END-- [ RunTime:0.000000s ]
INFO: [ app_begin ] --START--
INFO: Run Behavior\ReadHtmlCacheBehavior [ RunTime:0.001001s ]
INFO: [ app_begin ] --END-- [ RunTime:0.001001s ]
NOTIC: [2048] Declaration of Admin\Model\CategoryModel::page() should be compatible with that of Think\Model::page() D:\WWW\blogs\Application\Admin\Model\CategoryModel.class.php 第 4 行.
SQL: SHOW COLUMNS FROM `category` [ RunTime:0.0060s ]
SQL: SHOW COLUMNS FROM `category` [ RunTime:0.0070s ]
SQL: SELECT COUNT(*) AS tp_count FROM `category` WHERE ( c_id=1 ) ORDER BY ord desc LIMIT 1   [ RunTime:0.0000s ]
SQL: SELECT * FROM `category` WHERE ( c_id=1 ) ORDER BY ord desc LIMIT 0,5   [ RunTime:0.0010s ]
SQL: SELECT * FROM `category`  [ RunTime:0.0000s ]
INFO: [ view_parse ] --START--
INFO: [ template_filter ] --START--
INFO: Run Behavior\ContentReplaceBehavior [ RunTime:0.000000s ]
INFO: [ template_filter ] --END-- [ RunTime:0.000000s ]
INFO: Run Behavior\ParseTemplateBehavior [ RunTime:0.011000s ]
INFO: [ view_parse ] --END-- [ RunTime:0.011000s ]
INFO: [ view_filter ] --START--
INFO: Run Behavior\WriteHtmlCacheBehavior [ RunTime:0.000000s ]
INFO: [ view_filter ] --END-- [ RunTime:0.000000s ]
INFO: [ app_end ] --START--
INFO: Run Behavior\ShowPageTraceBehavior [ RunTime:0.000000s ]
INFO: [ app_end ] --END-- [ RunTime:0.001001s ]

[ 2017-08-04T14:43:10+08:00 ] 127.0.0.1 /blogs/index.php/Admin/Blogarticle/hui.html
INFO: [ app_init ] --START--
INFO: Run Behavior\BuildLiteBehavior [ RunTime:0.000000s ]
INFO: [ app_init ] --END-- [ RunTime:0.001000s ]
INFO: [ app_begin ] --START--
INFO: Run Behavior\ReadHtmlCacheBehavior [ RunTime:0.002000s ]
INFO: [ app_begin ] --END-- [ RunTime:0.002000s ]
NOTIC: [2048] Declaration of Admin\Model\BlogarticleModel::page() should be compatible with that of Think\Model::page() D:\WWW\blogs\Application\Admin\Model\BlogarticleModel.class.php 第 4 行.
SQL: SHOW COLUMNS FROM `blogarticle` [ RunTime:0.0070s ]
SQL: SHOW COLUMNS FROM `blogarticle` [ RunTime:0.0070s ]
SQL: SELECT COUNT(*) AS tp_count FROM `blogarticle` inner join category On blogarticle.cat_idi=category.cat_id  WHERE ( is_delete=0 ) ORDER BY aord desc LIMIT 1   [ RunTime:0.0000s ]
SQL: SELECT * FROM `blogarticle` inner join category On blogarticle.cat_idi=category.cat_id  WHERE ( is_delete=0 ) ORDER BY aord desc LIMIT 0,5   [ RunTime:0.0010s ]
NOTIC: [2048] Declaration of Admin\Model\CategoryModel::page() should be compatible with that of Think\Model::page() D:\WWW\blogs\Application\Admin\Model\CategoryModel.class.php 第 68 行.
SQL: SHOW COLUMNS FROM `category` [ RunTime:0.0060s ]
SQL: SHOW COLUMNS FROM `category` [ RunTime:0.0060s ]
SQL: SELECT * FROM `category`  [ RunTime:0.0000s ]
INFO: [ view_parse ] --START--
INFO: [ template_filter ] --START--
INFO: Run Behavior\ContentReplaceBehavior [ RunTime:0.000000s ]
INFO: [ template_filter ] --END-- [ RunTime:0.000000s ]
INFO: Run Behavior\ParseTemplateBehavior [ RunTime:0.013001s ]
INFO: [ view_parse ] --END-- [ RunTime:0.013001s ]
INFO: [ view_filter ] --START--
INFO: Run Behavior\WriteHtmlCacheBehavior [ RunTime:0.000000s ]
INFO: [ view_filter ] --END-- [ RunTime:0.000000s ]
INFO: [ app_end ] --START--
INFO: Run Behavior\ShowPageTraceBehavior [ RunTime:0.001000s ]
INFO: [ app_end ] --END-- [ RunTime:0.001000s ]

[ 2017-08-04T14:43:12+08:00 ] 127.0.0.1 /blogs/index.php/Admin/Blogarticle/upblogarticle/id/2
INFO: [ app_init ] --START--
INFO: Run Behavior\BuildLiteBehavior [ RunTime:0.000000s ]
INFO: [ app_init ] --END-- [ RunTime:0.001000s ]
INFO: [ app_begin ] --START--
INFO: Run Behavior\ReadHtmlCacheBehavior [ RunTime:0.000000s ]
INFO: [ app_begin ] --END-- [ RunTime:0.000000s ]
NOTIC: [2048] Declaration of Admin\Model\CategoryModel::page() should be compatible with that of Think\Model::page() D:\WWW\blogs\Application\Admin\Model\CategoryModel.class.php 第 4 行.
SQL: SHOW COLUMNS FROM `category` [ RunTime:0.0060s ]
SQL: SHOW COLUMNS FROM `category` [ RunTime:0.0060s ]
SQL: SELECT * FROM `category`  [ RunTime:0.0000s ]
NOTIC: [2048] Declaration of Admin\Model\BlogarticleModel::page() should be compatible with that of Think\Model::page() D:\WWW\blogs\Application\Admin\Model\BlogarticleModel.class.php 第 100 行.
SQL: SHOW COLUMNS FROM `blogarticle` [ RunTime:0.0060s ]
SQL: SHOW COLUMNS FROM `blogarticle` [ RunTime:0.0060s ]
SQL: SELECT * FROM `blogarticle` inner join category On blogarticle.cat_idi=category.cat_id  WHERE (  art_id=2 ) LIMIT 1   [ RunTime:0.0000s ]
INFO: [ view_parse ] --START--
INFO: [ template_filter ] --START--
INFO: Run Behavior\ContentReplaceBehavior [ RunTime:0.000000s ]
INFO: [ template_filter ] --END-- [ RunTime:0.001000s ]
INFO: Run Behavior\ParseTemplateBehavior [ RunTime:0.045003s ]
INFO: [ view_parse ] --END-- [ RunTime:0.045003s ]
INFO: [ view_filter ] --START--
INFO: Run Behavior\WriteHtmlCacheBehavior [ RunTime:0.001000s ]
INFO: [ view_filter ] --END-- [ RunTime:0.001000s ]
INFO: [ app_end ] --START--
INFO: Run Behavior\ShowPageTraceBehavior [ RunTime:0.001000s ]
INFO: [ app_end ] --END-- [ RunTime:0.001000s ]

[ 2017-08-04T14:43:17+08:00 ] 127.0.0.1 /blogs/index.php/Admin/Blogarticle/upblogarticle/id/7
INFO: [ app_init ] --START--
INFO: Run Behavior\BuildLiteBehavior [ RunTime:0.000000s ]
INFO: [ app_init ] --END-- [ RunTime:0.001000s ]
INFO: [ app_begin ] --START--
INFO: Run Behavior\ReadHtmlCacheBehavior [ RunTime:0.001000s ]
INFO: [ app_begin ] --END-- [ RunTime:0.001000s ]
NOTIC: [2048] Declaration of Admin\Model\CategoryModel::page() should be compatible with that of Think\Model::page() D:\WWW\blogs\Application\Admin\Model\CategoryModel.class.php 第 4 行.
SQL: SHOW COLUMNS FROM `category` [ RunTime:0.0090s ]
SQL: SHOW COLUMNS FROM `category` [ RunTime:0.0090s ]
SQL: SELECT * FROM `category`  [ RunTime:0.0010s ]
NOTIC: [2048] Declaration of Admin\Model\BlogarticleModel::page() should be compatible with that of Think\Model::page() D:\WWW\blogs\Application\Admin\Model\BlogarticleModel.class.php 第 100 行.
SQL: SHOW COLUMNS FROM `blogarticle` [ RunTime:0.0100s ]
SQL: SHOW COLUMNS FROM `blogarticle` [ RunTime:0.0100s ]
SQL: SELECT * FROM `blogarticle` inner join category On blogarticle.cat_idi=category.cat_id  WHERE (  art_id=7 ) LIMIT 1   [ RunTime:0.0010s ]
INFO: [ view_parse ] --START--
INFO: [ template_filter ] --START--
INFO: Run Behavior\ContentReplaceBehavior [ RunTime:0.001000s ]
INFO: [ template_filter ] --END-- [ RunTime:0.001000s ]
INFO: Run Behavior\ParseTemplateBehavior [ RunTime:0.019001s ]
INFO: [ view_parse ] --END-- [ RunTime:0.019001s ]
INFO: [ view_filter ] --START--
INFO: Run Behavior\WriteHtmlCacheBehavior [ RunTime:0.001000s ]
INFO: [ view_filter ] --END-- [ RunTime:0.001000s ]
INFO: [ app_end ] --START--
INFO: Run Behavior\ShowPageTraceBehavior [ RunTime:0.001001s ]
INFO: [ app_end ] --END-- [ RunTime:0.002001s ]

[ 2017-08-04T14:45:00+08:00 ] 127.0.0.1 /blogs/index.php/Admin/Blogarticle/hui.html
INFO: [ app_init ] --START--
INFO: Run Behavior\BuildLiteBehavior [ RunTime:0.000000s ]
INFO: [ app_init ] --END-- [ RunTime:0.001000s ]
INFO: [ app_begin ] --START--
INFO: Run Behavior\ReadHtmlCacheBehavior [ RunTime:0.001000s ]
INFO: [ app_begin ] --END-- [ RunTime:0.001000s ]
NOTIC: [2048] Declaration of Admin\Model\BlogarticleModel::page() should be compatible with that of Think\Model::page() D:\WWW\blogs\Application\Admin\Model\BlogarticleModel.class.php 第 4 行.
SQL: SHOW COLUMNS FROM `blogarticle` [ RunTime:0.0100s ]
SQL: SHOW COLUMNS FROM `blogarticle` [ RunTime:0.0110s ]
SQL: SELECT COUNT(*) AS tp_count FROM `blogarticle` inner join category On blogarticle.cat_idi=category.cat_id  WHERE ( is_delete=0 ) ORDER BY aord desc LIMIT 1   [ RunTime:0.0010s ]
SQL: SELECT * FROM `blogarticle` inner join category On blogarticle.cat_idi=category.cat_id  WHERE ( is_delete=0 ) ORDER BY aord desc LIMIT 0,5   [ RunTime:0.0020s ]
NOTIC: [2048] Declaration of Admin\Model\CategoryModel::page() should be compatible with that of Think\Model::page() D:\WWW\blogs\Application\Admin\Model\CategoryModel.class.php 第 68 行.
SQL: SHOW COLUMNS FROM `category` [ RunTime:0.0090s ]
SQL: SHOW COLUMNS FROM `category` [ RunTime:0.0060s ]
SQL: SELECT * FROM `category`  [ RunTime:0.0000s ]
INFO: [ view_parse ] --START--
INFO: [ template_filter ] --START--
INFO: Run Behavior\ContentReplaceBehavior [ RunTime:0.000000s ]
INFO: [ template_filter ] --END-- [ RunTime:0.000000s ]
INFO: Run Behavior\ParseTemplateBehavior [ RunTime:0.013000s ]
INFO: [ view_parse ] --END-- [ RunTime:0.013000s ]
INFO: [ view_filter ] --START--
INFO: Run Behavior\WriteHtmlCacheBehavior [ RunTime:0.001000s ]
INFO: [ view_filter ] --END-- [ RunTime:0.001000s ]
INFO: [ app_end ] --START--
INFO: Run Behavior\ShowPageTraceBehavior [ RunTime:0.001000s ]
INFO: [ app_end ] --END-- [ RunTime:0.001000s ]

